<?xml version="1.0" encoding="UTF-8"?>
<!-- Generated by org.testng.reporters.JUnitReportReporter -->
<testsuite hostname="DESKTOP-QAVUJ0M" failures="0" tests="4" name="SecondTrailTest" time="24.056" errors="0" timestamp="2024-08-11T17:17:40 EET" skipped="0">
  <testcase classname="SecondTrailTest" name="CreateAnAccount" time="7.204"/>
  <system-out/>
  <testcase classname="SecondTrailTest" name="logOut" time="3.158"/>
  <system-out/>
  <testcase classname="SecondTrailTest" name="loginTest" time="7.466"/>
  <system-out/>
  <testcase classname="SecondTrailTest" name="addMenItem" time="6.228"/>
  <system-out/>
</testsuite> <!-- SecondTrailTest -->
