<?xml version="1.0" encoding="UTF-8"?>
<!-- Generated by org.testng.reporters.JUnitReportReporter -->
<testsuite hostname="DESKTOP-QAVUJ0M" failures="0" tests="5" name="ThrdTrailTestWomenAdding" time="14.900" errors="0" timestamp="2024-08-11T19:01:10 EET" skipped="3">
  <testcase classname="ThrdTrailTestWomenAdding" name="CreateAnAccount" time="7.075"/>
  <system-out/>
  <testcase classname="ThrdTrailTestWomenAdding" name="addWomenItem" time="7.825"/>
  <system-out/>
  <testcase classname="ThrdTrailTestWomenAdding" name="Reviews">
    <skipped/>
  </testcase> <!-- Reviews -->
  <system-out/>
  <testcase classname="ThrdTrailTestWomenAdding" name="loginTest">
    <skipped/>
  </testcase> <!-- loginTest -->
  <system-out/>
  <testcase classname="ThrdTrailTestWomenAdding" name="logOut">
    <skipped/>
  </testcase> <!-- logOut -->
  <system-out/>
</testsuite> <!-- ThrdTrailTestWomenAdding -->
