<?xml version="1.0" encoding="UTF-8"?>
<!-- Generated by org.testng.reporters.JUnitReportReporter -->
<testsuite hostname="DESKTOP-QAVUJ0M" failures="0" tests="2" name="MagentoWebsiteTesting" time="9.650" errors="0" timestamp="2024-08-08T15:38:39 EET" skipped="0">
  <testcase classname="MagentoWebsiteTesting" name="CreateAnAccount" time="7.504"/>
  <system-out/>
  <testcase classname="MagentoWebsiteTesting" name="LogOut" time="2.146"/>
  <system-out/>
</testsuite> <!-- MagentoWebsiteTesting -->
